<?xml version="1.0" encoding="UTF-8"?>
<omf>
  <resource>
    <creator>
      gdocteam@sun.com (Sun Microsystems)
    </creator>
    <maintainer>
      gdocteam@sun.com (Sun Microsystems)
    </maintainer>
    <title>
      gcalctool 설명서 V2.5.1
    </title>
    <date>
      2003-09-22
    </date>
    <version identifier="2.5.1" date="2003-09-22" description="Updated for GNOME 2.4, program version 4.2.103"/>
    <subject category="GNOME|Applications|Accessories"/>
    <description>
      gcalctool 응용프로그램의 사용자 설명서입니다. 
    </description>
    <type>
      사용자 설명서
    </type>
    <format mime="text/xml" dtd="-//OASIS//DTD DocBook XML V4.1.2//EN"/>
    <identifier url="file:/opt/jds/share/gnome/help/gcalctool/ko/gcalctool.xml"/>
    <language code="ko"/>
    <relation seriesid="52191642-4f23-11d7-95c8-9792b4e62685"/>
    <rights type="GNU FDL" license.version="1.1" holder="Sun Microsystems"/>
  </resource>        
</omf>
