<?xml version="1.0" encoding="UTF-8"?>
<omf>
  <resource>
    <creator>
      gdocteam@sun.com (Sun Microsystems)
    </creator>
    <maintainer>
      gdocteam@sun.com (Sun Microsystems)
    </maintainer>
    <title>
      gcalctool 手冊 V2.5.1
    </title>
    <date>
      2003 年 9 月 22 日
    </date>
    <version identifier="2.5.1" date="2003-09-22" description="Updated for GNOME 2.4, program version 4.2.103"/>
    <subject category="GNOME|Applications|Accessories"/>
    <description>
      gcalctool 應用程式使用者手冊。
    </description>
    <type>
      使用者指南
    </type>
    <format mime="text/xml" dtd="-//OASIS//DTD DocBook XML V4.1.2//EN"/>
    <identifier url="file:/opt/jds/share/gnome/help/gcalctool/zh_HK/gcalctool.xml"/>
    <language code="zh_HK"/>
    <relation seriesid="52191642-4f23-11d7-95c8-9792b4e62685"/>
    <rights type="GNU FDL" license.version="1.1" holder="Sun Microsystems"/>
  </resource>        
</omf>
