<?xml version="1.0" encoding="UTF-8"?>
<omf>
  <resource>
    <creator>
      gdocteam@sun.com (Sun Microsystems)
    </creator>
    <maintainer>
      gdocteam@sun.com (Sun Microsystems)
    </maintainer>
    <title>
      Manuale di gcalctool V2.5.1
    </title>
    <date>
      2003-09-22
    </date>
    <version identifier="2.5.1" date="2003-09-22" description="Aggiornato per GNOME 2.4, versione programma 4.2.103"/>
    <subject category="GNOME|Applications|Accessories"/>
    <description>
      Manuale utente dell'applicazione gcalctool. 
    </description>
    <type>
      user's guide
    </type>
    <format mime="text/xml" dtd="-//OASIS//DTD DocBook XML V4.1.2//EN"/>
    <identifier url="file:/usr/local/share/gnome/help/gcalctool/it/gcalctool.xml"/>
    <language code="it"/>
    <relation seriesid="52191642-4f23-11d7-95c8-9792b4e62685"/>
    <rights type="GNU FDL" license.version="1.1" holder="Sun Microsystems"/>
  </resource>        
</omf>
